<?xml version="1.0" encoding="UTF-8"?>
<testsuite name="com.hedgedog.HedgeDog.HedgeDogApplicationTests" tests="1" skipped="0" failures="0" errors="0" timestamp="2024-12-20T06:01:20" hostname="vamsys-mbp-2.lan" time="0.634">
  <properties/>
  <testcase name="contextLoads()" classname="com.hedgedog.HedgeDog.HedgeDogApplicationTests" time="0.634"/>
  <system-out><![CDATA[01:01:14.236 [Test worker] INFO org.springframework.test.context.support.AnnotationConfigContextLoaderUtils -- Could not detect default configuration classes for test class [com.hedgedog.HedgeDog.HedgeDogApplicationTests]: HedgeDogApplicationTests does not declare any static, non-private, non-final, nested classes annotated with @Configuration.
01:01:14.429 [Test worker] INFO org.springframework.boot.test.context.SpringBootTestContextBootstrapper -- Found @SpringBootConfiguration com.hedgedog.HedgeDogApplication for test class com.hedgedog.HedgeDog.HedgeDogApplicationTests

  .   ____          _            __ _ _
 /\\ / ___'_ __ _ _(_)_ __  __ _ \ \ \ \
( ( )\___ | '_ | '_| | '_ \/ _` | \ \ \ \
 \\/  ___)| |_)| | | | | || (_| |  ) ) ) )
  '  |____| .__|_| |_|_| |_\__, | / / / /
 =========|_|==============|___/=/_/_/_/

 :: Spring Boot ::                (v3.4.0)

2024-12-20T01:01:15.240-05:00  INFO 31320 --- [HedgeDog] [    Test worker] c.h.HedgeDog.HedgeDogApplicationTests    : Starting HedgeDogApplicationTests using Java 17.0.13 with PID 31320 (started by vamsysivaarcca in /Users/vamsysivaarcca/Downloads/HedgeDog )
2024-12-20T01:01:15.243-05:00  INFO 31320 --- [HedgeDog] [    Test worker] c.h.HedgeDog.HedgeDogApplicationTests    : No active profile set, falling back to 1 default profile: "default"
2024-12-20T01:01:16.223-05:00  INFO 31320 --- [HedgeDog] [    Test worker] .s.d.r.c.RepositoryConfigurationDelegate : Bootstrapping Spring Data JPA repositories in DEFAULT mode.
2024-12-20T01:01:16.345-05:00  INFO 31320 --- [HedgeDog] [    Test worker] .s.d.r.c.RepositoryConfigurationDelegate : Finished Spring Data repository scanning in 109 ms. Found 3 JPA repository interfaces.
2024-12-20T01:01:17.095-05:00  INFO 31320 --- [HedgeDog] [    Test worker] o.hibernate.jpa.internal.util.LogHelper  : HHH000204: Processing PersistenceUnitInfo [name: default]
2024-12-20T01:01:17.150-05:00  INFO 31320 --- [HedgeDog] [    Test worker] org.hibernate.Version                    : HHH000412: Hibernate ORM core version 6.6.2.Final
2024-12-20T01:01:17.191-05:00  INFO 31320 --- [HedgeDog] [    Test worker] o.h.c.internal.RegionFactoryInitiator    : HHH000026: Second-level cache disabled
2024-12-20T01:01:17.520-05:00  INFO 31320 --- [HedgeDog] [    Test worker] o.s.o.j.p.SpringPersistenceUnitInfo      : No LoadTimeWeaver setup: ignoring JPA class transformer
2024-12-20T01:01:17.554-05:00  INFO 31320 --- [HedgeDog] [    Test worker] com.zaxxer.hikari.HikariDataSource       : HikariPool-1 - Starting...
2024-12-20T01:01:17.666-05:00  INFO 31320 --- [HedgeDog] [    Test worker] com.zaxxer.hikari.pool.HikariPool        : HikariPool-1 - Added connection org.postgresql.jdbc.PgConnection@4afdfc0f
2024-12-20T01:01:17.668-05:00  INFO 31320 --- [HedgeDog] [    Test worker] com.zaxxer.hikari.HikariDataSource       : HikariPool-1 - Start completed.
2024-12-20T01:01:17.750-05:00  INFO 31320 --- [HedgeDog] [    Test worker] org.hibernate.orm.connections.pooling    : HHH10001005: Database info:
	Database JDBC URL [Connecting through datasource 'HikariDataSource (HikariPool-1)']
	Database driver: undefined/unknown
	Database version: 14.15
	Autocommit mode: undefined/unknown
	Isolation level: undefined/unknown
	Minimum pool size: undefined/unknown
	Maximum pool size: undefined/unknown
2024-12-20T01:01:18.885-05:00  INFO 31320 --- [HedgeDog] [    Test worker] o.h.e.t.j.p.i.JtaPlatformInitiator       : HHH000489: No JTA platform available (set 'hibernate.transaction.jta.platform' to enable JTA platform integration)
2024-12-20T01:01:19.015-05:00  INFO 31320 --- [HedgeDog] [    Test worker] j.LocalContainerEntityManagerFactoryBean : Initialized JPA EntityManagerFactory for persistence unit 'default'
2024-12-20T01:01:19.664-05:00  WARN 31320 --- [HedgeDog] [    Test worker] JpaBaseConfiguration$JpaWebConfiguration : spring.jpa.open-in-view is enabled by default. Therefore, database queries may be performed during view rendering. Explicitly configure spring.jpa.open-in-view to disable this warning
2024-12-20T01:01:20.235-05:00  INFO 31320 --- [HedgeDog] [    Test worker] c.h.HedgeDog.HedgeDogApplicationTests    : Started HedgeDogApplicationTests in 5.498 seconds (process running for 6.999)
No events are currently being monitored.
Running scheduled task: Fetch Monitored Odds
Odds monitoring updated successfully.
]]></system-out>
  <system-err><![CDATA[]]></system-err>
</testsuite>
